2026-02-25T06:44:16+00:00	route=home	elapsed=28.11ms
2026-02-25T06:44:51+00:00	route=historiques	elapsed=45.89ms
2026-02-25T06:47:00+00:00	route=emissions	elapsed=48.59ms
2026-02-25T06:47:02+00:00	route=playlistes	elapsed=37.73ms
2026-02-25T06:47:13+00:00	route=auth/profile	elapsed=112.17ms
2026-02-25T06:47:18+00:00	route=home	elapsed=15.27ms
2026-02-25T06:48:19+00:00	route=home	elapsed=14.9ms
2026-02-25T06:48:20+00:00	route=home	elapsed=19ms
2026-02-25T06:57:46+00:00	route=home	elapsed=29.76ms
2026-02-25T07:05:08+00:00	route=home	elapsed=29.27ms
2026-02-25T07:08:12+00:00	route=home	elapsed=47.86ms
2026-02-25T08:38:59+00:00	route=home	elapsed=295.61ms
2026-02-25T08:39:53+00:00	route=admin/historiques	elapsed=25.23ms
2026-02-25T08:40:22+00:00	route=admin/historiques	elapsed=58.63ms
2026-02-25T08:40:24+00:00	route=home	elapsed=18.26ms
2026-02-26T05:53:06+00:00	route=home	elapsed=251.69ms
2026-02-26T05:53:44+00:00	route=emissions	elapsed=37.16ms
2026-02-26T06:05:12+00:00	route=home	elapsed=54.05ms
2026-02-26T06:09:37+00:00	route=auth/profile	elapsed=55.4ms
2026-02-26T06:09:51+00:00	route=home	elapsed=40.94ms
2026-02-26T06:10:51+00:00	route=admin/historiques	elapsed=28.52ms
2026-02-26T06:10:53+00:00	route=home	elapsed=41.98ms
2026-02-26T06:13:14+00:00	route=home	elapsed=33.26ms
2026-02-26T06:18:00+00:00	route=home	elapsed=46.14ms
2026-02-26T06:18:35+00:00	route=home	elapsed=37.59ms
2026-02-26T06:19:54+00:00	route=home	elapsed=28.11ms
2026-02-26T06:23:10+00:00	route=home	elapsed=34.32ms
2026-02-26T06:24:46+00:00	route=home	elapsed=34.25ms
2026-02-26T06:24:54+00:00	route=home	elapsed=21.51ms
2026-02-26T06:28:15+00:00	route=home	elapsed=27.76ms
2026-02-26T06:37:29+00:00	route=home	elapsed=19.77ms
2026-02-26T06:37:41+00:00	route=playlistes	elapsed=35.38ms
2026-02-26T06:37:41+00:00	route=home	elapsed=24.86ms
2026-02-26T06:37:41+00:00	route=home	elapsed=21.51ms
2026-02-26T06:37:41+00:00	route=home	elapsed=25.57ms
2026-02-26T06:37:41+00:00	route=home	elapsed=20.98ms
2026-02-26T06:37:42+00:00	route=home	elapsed=21.01ms
2026-02-26T06:37:42+00:00	route=home	elapsed=27.14ms
2026-02-26T06:37:42+00:00	route=home	elapsed=22.71ms
2026-02-26T06:37:42+00:00	route=home	elapsed=27.5ms
2026-02-26T06:37:42+00:00	route=home	elapsed=21.38ms
2026-02-26T06:37:42+00:00	route=home	elapsed=32.38ms
2026-02-26T06:37:42+00:00	route=home	elapsed=39.59ms
2026-02-26T06:37:42+00:00	route=home	elapsed=20.25ms
2026-02-26T06:37:42+00:00	route=home	elapsed=23.77ms
2026-02-26T06:37:42+00:00	route=home	elapsed=23.83ms
2026-02-26T06:37:42+00:00	route=home	elapsed=20.38ms
2026-02-26T06:37:43+00:00	route=home	elapsed=17.35ms
2026-02-26T06:51:18+00:00	route=home	elapsed=35.75ms
2026-02-26T06:54:19+00:00	route=home	elapsed=19.58ms
2026-02-26T07:04:57+00:00	route=historiques	elapsed=31.28ms
2026-02-26T07:05:00+00:00	route=home	elapsed=22.59ms
2026-02-26T07:05:05+00:00	route=playlistes	elapsed=36.81ms
2026-02-26T07:05:06+00:00	route=home	elapsed=31.08ms
2026-02-26T07:05:06+00:00	route=home	elapsed=36.58ms
2026-02-26T07:05:06+00:00	route=home	elapsed=22.82ms
2026-02-26T07:05:06+00:00	route=home	elapsed=29.49ms
2026-02-26T07:05:06+00:00	route=home	elapsed=27.49ms
2026-02-26T07:05:06+00:00	route=home	elapsed=41.23ms
2026-02-26T07:05:06+00:00	route=home	elapsed=26.01ms
2026-02-26T07:05:06+00:00	route=home	elapsed=33.97ms
2026-02-26T07:05:06+00:00	route=home	elapsed=25.38ms
2026-02-26T07:05:06+00:00	route=home	elapsed=30.51ms
2026-02-26T07:05:06+00:00	route=home	elapsed=31.61ms
2026-02-26T07:05:06+00:00	route=home	elapsed=26.94ms
2026-02-26T07:05:06+00:00	route=home	elapsed=24ms
2026-02-26T07:05:07+00:00	route=home	elapsed=26.26ms
2026-02-26T07:05:07+00:00	route=home	elapsed=30.81ms
2026-02-26T07:05:13+00:00	route=emissions	elapsed=36.47ms
2026-02-26T07:05:19+00:00	route=historiques	elapsed=19.36ms
2026-02-26T07:08:57+00:00	route=admin/historiques	elapsed=31.38ms
2026-02-26T07:08:59+00:00	route=home	elapsed=33.2ms
2026-02-26T07:09:01+00:00	route=home	elapsed=28.2ms
2026-02-26T07:15:20+00:00	route=admin/historiques	elapsed=21.59ms
2026-02-26T07:15:21+00:00	route=home	elapsed=18.33ms
2026-02-26T07:15:28+00:00	route=home	elapsed=26.12ms
2026-02-26T07:15:32+00:00	route=historiques	elapsed=19.54ms
2026-02-26T07:15:33+00:00	route=emissions	elapsed=18.01ms
2026-02-26T07:15:34+00:00	route=playlistes	elapsed=39.54ms
2026-02-26T07:15:34+00:00	route=home	elapsed=28.76ms
2026-02-26T07:15:34+00:00	route=home	elapsed=26.09ms
2026-02-26T07:15:34+00:00	route=home	elapsed=23.6ms
2026-02-26T07:15:34+00:00	route=home	elapsed=28.35ms
2026-02-26T07:15:34+00:00	route=home	elapsed=28.94ms
2026-02-26T07:15:34+00:00	route=home	elapsed=21.14ms
2026-02-26T07:15:34+00:00	route=home	elapsed=23.4ms
2026-02-26T07:15:34+00:00	route=home	elapsed=27.02ms
2026-02-26T07:15:34+00:00	route=home	elapsed=26.03ms
2026-02-26T07:15:34+00:00	route=home	elapsed=24.13ms
2026-02-26T07:15:35+00:00	route=home	elapsed=33.11ms
2026-02-26T07:15:35+00:00	route=home	elapsed=26.42ms
2026-02-26T07:15:35+00:00	route=home	elapsed=24.73ms
2026-02-26T07:15:35+00:00	route=home	elapsed=27.83ms
2026-02-26T07:15:35+00:00	route=home	elapsed=21.02ms
2026-02-26T07:15:35+00:00	route=home	elapsed=25.2ms
2026-02-26T07:19:21+00:00	route=admin/historiques	elapsed=58.97ms
2026-02-26T07:19:23+00:00	route=home	elapsed=17.74ms
2026-02-26T07:19:26+00:00	route=home	elapsed=30.15ms
2026-02-26T07:29:53+00:00	route=admin/historiques	elapsed=25.21ms
2026-02-26T07:29:57+00:00	route=home	elapsed=23.25ms
2026-02-26T07:33:56+00:00	route=home	elapsed=41.46ms
2026-02-26T07:36:07+00:00	route=home	elapsed=19.81ms
2026-02-26T07:36:14+00:00	route=admin	elapsed=30.36ms
2026-02-26T07:36:18+00:00	route=admin/emissions	elapsed=24.45ms
2026-02-26T07:36:23+00:00	route=admin/playlists	elapsed=30.04ms
2026-02-26T07:41:18+00:00	route=admin/emissions	elapsed=1544.72ms
2026-02-26T07:41:19+00:00	route=admin/emissions	elapsed=41.4ms
2026-02-26T07:41:27+00:00	route=admin/historiques	elapsed=38.76ms
2026-02-26T07:41:29+00:00	route=home	elapsed=436.88ms
2026-02-26T07:41:31+00:00	route=home	elapsed=25.48ms
2026-02-26T07:47:52+00:00	route=home	elapsed=37.96ms
2026-02-26T07:47:57+00:00	route=home	elapsed=31.76ms
2026-02-26T07:47:58+00:00	route=playlistes	elapsed=34.55ms
2026-02-26T07:47:58+00:00	route=home	elapsed=24.2ms
2026-02-26T07:47:58+00:00	route=home	elapsed=29.74ms
2026-02-26T07:47:58+00:00	route=home	elapsed=26.39ms
2026-02-26T07:47:58+00:00	route=home	elapsed=69.47ms
2026-02-26T07:47:58+00:00	route=home	elapsed=30.23ms
2026-02-26T07:47:58+00:00	route=home	elapsed=18.91ms
2026-02-26T07:47:58+00:00	route=home	elapsed=24.73ms
2026-02-26T07:47:58+00:00	route=home	elapsed=23.93ms
2026-02-26T07:47:59+00:00	route=home	elapsed=34.03ms
2026-02-26T07:47:59+00:00	route=home	elapsed=29.67ms
2026-02-26T07:47:59+00:00	route=home	elapsed=22.23ms
2026-02-26T07:47:59+00:00	route=home	elapsed=20.32ms
2026-02-26T07:47:59+00:00	route=home	elapsed=25.51ms
2026-02-26T07:47:59+00:00	route=home	elapsed=25.99ms
2026-02-26T07:47:59+00:00	route=home	elapsed=23ms
2026-02-26T07:48:00+00:00	route=historiques	elapsed=81.67ms
2026-02-26T07:48:01+00:00	route=home	elapsed=25.34ms
2026-02-26T07:48:02+00:00	route=emissions	elapsed=22.48ms
2026-02-26T07:48:04+00:00	route=home	elapsed=257.21ms
2026-02-26T07:52:20+00:00	route=home	elapsed=65.16ms
2026-02-26T07:58:12+00:00	route=playlistes	elapsed=259.27ms
2026-02-26T07:58:12+00:00	route=home	elapsed=119.63ms
2026-02-26T07:58:12+00:00	route=home	elapsed=48.57ms
2026-02-26T07:58:12+00:00	route=home	elapsed=32.57ms
2026-02-26T07:58:13+00:00	route=home	elapsed=59.17ms
2026-02-26T07:58:13+00:00	route=home	elapsed=25.09ms
2026-02-26T07:58:13+00:00	route=home	elapsed=27.07ms
2026-02-26T07:58:13+00:00	route=home	elapsed=57.29ms
2026-02-26T07:58:13+00:00	route=home	elapsed=22.18ms
2026-02-26T07:58:13+00:00	route=home	elapsed=19.33ms
2026-02-26T07:58:13+00:00	route=home	elapsed=28.6ms
2026-02-26T07:58:13+00:00	route=home	elapsed=20.55ms
2026-02-26T07:58:13+00:00	route=home	elapsed=28.08ms
2026-02-26T07:58:13+00:00	route=home	elapsed=19.18ms
2026-02-26T07:58:13+00:00	route=home	elapsed=26.23ms
2026-02-26T07:58:13+00:00	route=home	elapsed=19.87ms
2026-02-26T07:58:27+00:00	route=home	elapsed=26.7ms
2026-02-26T07:58:27+00:00	route=home	elapsed=30.32ms
2026-02-26T07:58:27+00:00	route=home	elapsed=28.04ms
2026-02-26T07:58:27+00:00	route=home	elapsed=27.03ms
2026-02-26T07:58:27+00:00	route=home	elapsed=27.1ms
2026-02-26T07:58:27+00:00	route=home	elapsed=26.58ms
2026-02-26T07:58:27+00:00	route=home	elapsed=23.61ms
2026-02-26T07:58:27+00:00	route=home	elapsed=55.83ms
2026-02-26T07:58:27+00:00	route=home	elapsed=24.81ms
2026-02-26T07:58:27+00:00	route=home	elapsed=18.81ms
2026-02-26T07:58:27+00:00	route=home	elapsed=20.09ms
2026-02-26T07:58:28+00:00	route=home	elapsed=23.26ms
2026-02-26T07:58:28+00:00	route=home	elapsed=31.43ms
2026-02-26T07:58:28+00:00	route=home	elapsed=19.21ms
2026-02-26T07:58:28+00:00	route=home	elapsed=19.23ms
2026-02-26T07:59:00+00:00	route=home	elapsed=26.25ms
2026-02-26T07:59:21+00:00	route=home	elapsed=30.03ms
2026-02-26T08:00:43+00:00	route=home	elapsed=26.12ms
2026-02-26T08:01:09+00:00	route=admin/historiques	elapsed=29.55ms
2026-02-26T08:01:10+00:00	route=home	elapsed=22.24ms
2026-02-26T08:01:14+00:00	route=home	elapsed=20.81ms
2026-02-26T08:02:16+00:00	route=home	elapsed=26.81ms
2026-02-26T08:03:37+00:00	route=home	elapsed=27.68ms
2026-02-26T08:04:07+00:00	route=home	elapsed=23.27ms
2026-02-27T05:41:46+00:00	route=home	elapsed=745.33ms
2026-02-27T05:41:49+00:00	route=playlistes	elapsed=134.6ms
2026-02-27T05:41:50+00:00	route=historiques	elapsed=32.95ms
2026-02-27T05:41:51+00:00	route=emissions	elapsed=38.44ms
2026-02-27T05:41:53+00:00	route=home	elapsed=38.61ms
2026-02-27T05:42:07+00:00	route=auth/profile	elapsed=1086.84ms
2026-02-27T05:42:20+00:00	route=historiques	elapsed=28.62ms
2026-02-27T05:42:22+00:00	route=auth/profile	elapsed=23.63ms
2026-02-27T05:42:42+00:00	route=auth/profile	elapsed=92.64ms
2026-02-27T05:42:52+00:00	route=home	elapsed=19.91ms
2026-02-27T05:51:03+00:00	route=home	elapsed=18.52ms
2026-02-27T05:51:05+00:00	route=home	elapsed=28.02ms
2026-02-27T05:51:20+00:00	route=home	elapsed=33.05ms
2026-02-27T05:51:30+00:00	route=home	elapsed=31.58ms
2026-02-27T05:51:54+00:00	route=home	elapsed=20.53ms
2026-02-27T05:52:46+00:00	route=home	elapsed=29.4ms
2026-02-27T05:52:51+00:00	route=playlistes	elapsed=45.28ms
2026-02-27T05:52:52+00:00	route=historiques	elapsed=21.62ms
2026-02-27T05:52:54+00:00	route=emissions	elapsed=24.35ms
2026-02-27T05:53:14+00:00	route=emissions	elapsed=22.3ms
2026-02-27T05:53:16+00:00	route=home	elapsed=24.84ms
2026-02-27T05:54:01+00:00	route=home	elapsed=21.33ms
2026-02-27T05:54:02+00:00	route=home	elapsed=28.68ms
2026-02-27T05:55:05+00:00	route=home	elapsed=22.49ms
2026-02-27T05:55:06+00:00	route=home	elapsed=31.25ms
2026-02-27T05:55:13+00:00	route=home	elapsed=32.86ms
2026-02-27T06:16:23+00:00	route=home	elapsed=192.31ms
2026-02-27T06:17:39+00:00	route=home	elapsed=28.67ms
2026-02-27T06:20:28+00:00	route=home	elapsed=51.84ms
2026-02-27T06:20:30+00:00	route=admin	elapsed=46.89ms
2026-02-27T06:26:02+00:00	route=admin/playlists	elapsed=26.29ms
2026-02-27T06:26:30+00:00	route=home	elapsed=23.17ms
2026-02-27T06:27:35+00:00	route=home	elapsed=18.62ms
2026-02-27T06:28:03+00:00	route=home	elapsed=26.25ms
2026-02-27T06:28:50+00:00	route=home	elapsed=50.32ms
2026-02-27T06:28:53+00:00	route=home	elapsed=29.51ms
2026-02-27T06:29:14+00:00	route=home	elapsed=26.82ms
2026-02-27T06:29:19+00:00	route=playlistes	elapsed=22.85ms
2026-02-27T06:29:20+00:00	route=historiques	elapsed=19.96ms
2026-02-27T06:29:21+00:00	route=emissions	elapsed=39.01ms
2026-02-27T06:29:21+00:00	route=playlistes	elapsed=27.86ms
2026-02-27T06:29:22+00:00	route=home	elapsed=17ms
2026-02-27T06:30:22+00:00	route=home	elapsed=20.26ms
2026-02-27T06:30:33+00:00	route=home	elapsed=26.72ms
2026-02-27T06:30:38+00:00	route=home	elapsed=24.47ms
2026-02-27T06:31:28+00:00	route=home	elapsed=27.27ms
2026-02-27T06:31:31+00:00	route=admin	elapsed=24.11ms
2026-02-27T06:33:47+00:00	route=home	elapsed=18.64ms
2026-02-27T06:33:50+00:00	route=home	elapsed=18.77ms
2026-02-27T06:33:53+00:00	route=home	elapsed=35.59ms
2026-02-27T06:33:56+00:00	route=home	elapsed=39.13ms
2026-02-27T06:33:57+00:00	route=historiques	elapsed=20.77ms
2026-02-27T06:33:58+00:00	route=emissions	elapsed=19.37ms
2026-02-27T06:33:59+00:00	route=home	elapsed=23.01ms
2026-02-27T06:34:02+00:00	route=home	elapsed=20.35ms
2026-02-27T06:35:20+00:00	route=admin	elapsed=30.54ms
2026-02-27T06:35:41+00:00	route=admin/emissions	elapsed=56.16ms
2026-02-27T06:35:45+00:00	route=admin	elapsed=30.89ms
2026-02-27T06:35:49+00:00	route=admin/emissions	elapsed=53.25ms
2026-02-27T06:35:52+00:00	route=admin	elapsed=29.31ms
2026-02-27T06:36:12+00:00	route=admin	elapsed=50.87ms
2026-02-27T06:36:17+00:00	route=admin	elapsed=51.26ms
2026-02-27T06:36:22+00:00	route=admin	elapsed=36.42ms
2026-02-27T06:36:31+00:00	route=admin	elapsed=42.41ms
2026-02-27T06:36:36+00:00	route=auth/profile	elapsed=27.53ms
2026-02-27T06:36:42+00:00	route=home	elapsed=45.34ms
2026-02-27T06:36:49+00:00	route=admin	elapsed=20.62ms
2026-02-27T06:36:50+00:00	route=admin/emissions	elapsed=48.45ms
2026-02-27T06:38:26+00:00	route=admin/historiques	elapsed=32.14ms
2026-02-27T06:38:49+00:00	route=auth/profile	elapsed=26.05ms
2026-02-27T06:38:50+00:00	route=home	elapsed=21.02ms
2026-02-27T06:40:42+00:00	route=admin	elapsed=24.13ms
2026-02-27T06:40:44+00:00	route=admin	elapsed=26.12ms
2026-02-27T06:40:47+00:00	route=admin/emissions	elapsed=24.5ms
2026-02-27T06:40:57+00:00	route=admin/emissions	elapsed=20.57ms
2026-02-27T06:41:00+00:00	route=admin/emissions	elapsed=25.4ms
2026-02-27T06:41:01+00:00	route=admin	elapsed=34.63ms
2026-02-27T06:41:51+00:00	route=home	elapsed=25.31ms
2026-02-27T06:44:52+00:00	route=admin	elapsed=34.31ms
2026-02-27T06:44:53+00:00	route=admin	elapsed=37.49ms
2026-02-27T06:44:55+00:00	route=admin	elapsed=41.02ms
2026-02-27T06:45:02+00:00	route=admin	elapsed=28.41ms
2026-02-27T06:45:04+00:00	route=admin/emissions	elapsed=20.48ms
2026-02-27T06:45:07+00:00	route=admin/emissions	elapsed=24.95ms
2026-02-27T06:45:18+00:00	route=admin/emissions	elapsed=20.13ms
2026-02-27T06:45:43+00:00	route=admin/historiques	elapsed=21.22ms
2026-02-27T06:45:45+00:00	route=home	elapsed=21.16ms
2026-02-27T06:46:53+00:00	route=home	elapsed=24.08ms
2026-02-27T06:46:58+00:00	route=home	elapsed=59.39ms
2026-02-27T06:47:10+00:00	route=home	elapsed=26.04ms
2026-02-27T06:47:24+00:00	route=home	elapsed=24.57ms
2026-02-27T06:48:28+00:00	route=home	elapsed=44.47ms
2026-02-27T06:49:46+00:00	route=home	elapsed=34.2ms
2026-02-27T06:50:16+00:00	route=home	elapsed=17.04ms
2026-02-27T06:52:47+00:00	route=home	elapsed=28.37ms
2026-02-27T06:52:49+00:00	route=home	elapsed=18.32ms
2026-02-27T07:00:44+00:00	route=home	elapsed=27.4ms
2026-02-27T07:03:14+00:00	route=home	elapsed=56.19ms
2026-02-27T07:03:22+00:00	route=home	elapsed=27.71ms
2026-02-27T07:03:31+00:00	route=home	elapsed=32.94ms
2026-02-27T07:04:28+00:00	route=admin	elapsed=65.41ms
2026-02-27T07:04:45+00:00	route=home	elapsed=23.49ms
2026-02-27T07:06:11+00:00	route=home	elapsed=52.48ms
2026-02-27T07:06:18+00:00	route=home	elapsed=42.37ms
2026-02-27T07:06:23+00:00	route=home	elapsed=20.61ms
2026-02-27T07:06:26+00:00	route=home	elapsed=26.72ms
2026-02-27T07:06:35+00:00	route=home	elapsed=22.19ms
2026-02-27T07:07:38+00:00	route=home	elapsed=40.26ms
2026-02-27T07:07:39+00:00	route=home	elapsed=23.1ms
2026-02-27T07:08:16+00:00	route=home	elapsed=40.17ms
2026-02-27T07:08:40+00:00	route=home	elapsed=29.51ms
2026-02-27T07:08:42+00:00	route=home	elapsed=22.41ms
2026-02-27T07:08:58+00:00	route=auth/profile	elapsed=143.84ms
2026-02-27T07:11:35+00:00	route=home	elapsed=30.17ms
2026-02-27T07:12:00+00:00	route=home	elapsed=23.63ms
2026-02-27T07:12:20+00:00	route=auth/profile	elapsed=54.46ms
2026-02-27T07:15:26+00:00	route=auth/profile	elapsed=58.78ms
2026-02-27T07:15:30+00:00	route=auth/profile	elapsed=47.14ms
2026-02-27T07:17:21+00:00	route=admin	elapsed=64.98ms
2026-02-27T07:17:54+00:00	route=home	elapsed=22.42ms
2026-02-27T07:18:05+00:00	route=home	elapsed=28.78ms
2026-02-27T07:18:35+00:00	route=auth/login	elapsed=34.01ms
2026-02-27T07:18:56+00:00	route=auth/profile	elapsed=47.47ms
2026-02-27T07:20:00+00:00	route=auth/profile	elapsed=52.12ms
2026-02-27T07:20:03+00:00	route=home	elapsed=36.77ms
2026-02-27T07:20:09+00:00	route=home	elapsed=24.27ms
2026-02-27T07:22:25+00:00	route=admin/historiques	elapsed=24.2ms
2026-02-27T07:22:27+00:00	route=home	elapsed=44.41ms
2026-02-27T07:22:55+00:00	route=auth/login	elapsed=27.39ms
2026-02-27T07:42:26+00:00	route=home	elapsed=34.53ms
2026-02-27T07:52:59+00:00	route=home	elapsed=37.93ms
2026-02-27T08:00:33+00:00	route=home	elapsed=60.69ms
2026-02-27T08:05:48+00:00	route=home	elapsed=37.41ms
2026-03-02T05:55:45+00:00	route=home	elapsed=268.49ms
2026-03-02T05:55:56+00:00	route=home	elapsed=30.43ms
2026-03-02T05:55:58+00:00	route=playlistes	elapsed=94.77ms
2026-03-02T05:56:00+00:00	route=historiques	elapsed=26.19ms
2026-03-02T05:56:01+00:00	route=emissions	elapsed=30.98ms
2026-03-02T05:59:32+00:00	route=home	elapsed=19.66ms
2026-03-02T06:00:17+00:00	route=home	elapsed=26.81ms
2026-03-02T06:01:51+00:00	route=home	elapsed=34.87ms
2026-03-02T06:05:57+00:00	route=home	elapsed=33.31ms
2026-03-02T06:06:14+00:00	route=home	elapsed=18.87ms
2026-03-02T06:13:44+00:00	route=home	elapsed=23.42ms
2026-03-02T06:17:00+00:00	route=home	elapsed=25.89ms
2026-03-02T06:17:03+00:00	route=playlistes	elapsed=29.69ms
2026-03-02T06:17:04+00:00	route=emissions	elapsed=60.65ms
2026-03-02T06:18:14+00:00	route=auth/profile	elapsed=33.73ms
2026-03-02T06:23:48+00:00	route=emissions	elapsed=41.17ms
2026-03-02T06:23:55+00:00	route=home	elapsed=27.3ms
2026-03-02T06:24:36+00:00	route=home	elapsed=42.37ms
2026-03-02T06:28:11+00:00	route=admin/historiques	elapsed=38.22ms
2026-03-02T06:28:13+00:00	route=home	elapsed=29.61ms
2026-03-02T06:29:16+00:00	route=home	elapsed=66.08ms
2026-03-02T06:32:14+00:00	route=home	elapsed=34.76ms
2026-03-02T06:32:16+00:00	route=home	elapsed=41.92ms
2026-03-02T06:32:29+00:00	route=home	elapsed=30.84ms
2026-03-02T06:32:29+00:00	route=home	elapsed=20.11ms
2026-03-02T06:32:43+00:00	route=home	elapsed=25.81ms
2026-03-02T06:32:59+00:00	route=home	elapsed=28.93ms
2026-03-02T06:34:59+00:00	route=home	elapsed=66.64ms
2026-03-02T06:35:24+00:00	route=home	elapsed=44.86ms
2026-03-02T06:35:50+00:00	route=home	elapsed=28.14ms
2026-03-02T06:36:03+00:00	route=home	elapsed=26.04ms
2026-03-02T06:37:30+00:00	route=admin	elapsed=638.4ms
2026-03-02T06:41:31+00:00	route=admin	elapsed=7.57ms
2026-03-02T06:41:31+00:00	route=admin/playlists	elapsed=10.12ms
2026-03-02T06:42:15+00:00	route=admin/emissions	elapsed=7.35ms
2026-03-02T06:45:05+00:00	route=home	elapsed=25.08ms
2026-03-02T06:45:08+00:00	route=emissions	elapsed=27.41ms
2026-03-02T06:45:48+00:00	route=auth/login	elapsed=28.61ms
2026-03-02T06:47:12+00:00	route=home	elapsed=36.73ms
2026-03-02T06:47:15+00:00	route=admin	elapsed=147.74ms
2026-03-02T06:47:41+00:00	route=home	elapsed=64.76ms
2026-03-02T06:47:44+00:00	route=admin	elapsed=53.7ms
2026-03-02T06:47:49+00:00	route=home	elapsed=25.36ms
2026-03-02T06:50:45+00:00	route=home	elapsed=43.1ms
2026-03-02T06:55:43+00:00	route=home	elapsed=65.04ms
2026-03-02T06:56:02+00:00	route=home	elapsed=32.07ms
2026-03-02T07:06:56+00:00	route=home	elapsed=423.3ms
2026-03-02T07:06:58+00:00	route=home	elapsed=48.63ms
2026-03-02T07:07:38+00:00	route=home	elapsed=24.09ms
2026-03-02T07:07:41+00:00	route=home	elapsed=24.49ms
2026-03-02T07:08:42+00:00	route=playlistes	elapsed=48.77ms
2026-03-02T07:08:48+00:00	route=home	elapsed=25.07ms
2026-03-02T07:08:48+00:00	route=home	elapsed=29.62ms
2026-03-02T07:08:48+00:00	route=home	elapsed=27.51ms
2026-03-02T07:08:48+00:00	route=home	elapsed=22.47ms
2026-03-02T07:08:48+00:00	route=home	elapsed=24.83ms
2026-03-02T07:08:48+00:00	route=home	elapsed=27.97ms
2026-03-02T07:08:48+00:00	route=home	elapsed=20.21ms
2026-03-02T07:08:48+00:00	route=home	elapsed=21.79ms
2026-03-02T07:08:48+00:00	route=home	elapsed=24.96ms
2026-03-02T07:08:48+00:00	route=home	elapsed=23.54ms
2026-03-02T07:08:48+00:00	route=home	elapsed=28.37ms
2026-03-02T07:08:48+00:00	route=home	elapsed=25.54ms
2026-03-02T07:08:48+00:00	route=home	elapsed=20.62ms
2026-03-02T07:08:48+00:00	route=home	elapsed=32.4ms
2026-03-02T07:08:48+00:00	route=home	elapsed=27.17ms
2026-03-02T07:09:13+00:00	route=admin	elapsed=8.31ms
2026-03-02T07:09:13+00:00	route=admin/emissions	elapsed=4.92ms
2026-03-02T07:09:13+00:00	route=admin/playlists	elapsed=6.38ms
2026-03-02T07:11:31+00:00	route=home	elapsed=52.12ms
2026-03-02T07:11:34+00:00	route=admin	elapsed=33.35ms
2026-03-02T07:15:55+00:00	route=home	elapsed=51.78ms
2026-03-02T07:16:33+00:00	route=home	elapsed=24.29ms
2026-03-02T07:16:36+00:00	route=admin	elapsed=52.22ms
2026-03-02T07:31:42+00:00	route=home	elapsed=23.82ms
2026-03-02T07:31:46+00:00	route=home	elapsed=29.62ms
2026-03-02T07:36:31+00:00	route=home	elapsed=53.21ms
2026-03-02T07:36:47+00:00	route=home	elapsed=23.38ms
2026-03-02T07:37:04+00:00	route=home	elapsed=26.66ms
2026-03-02T07:42:11+00:00	route=home	elapsed=219.45ms
2026-03-02T07:44:22+00:00	route=home	elapsed=46.04ms
2026-03-02T07:44:43+00:00	route=home	elapsed=33.78ms
2026-03-02T07:44:45+00:00	route=home	elapsed=51.4ms
2026-03-02T07:44:46+00:00	route=playlistes	elapsed=116.52ms
2026-03-02T07:44:47+00:00	route=historiques	elapsed=26.33ms
2026-03-02T07:44:48+00:00	route=emissions	elapsed=49.16ms
2026-03-02T07:44:54+00:00	route=home	elapsed=26.67ms
2026-03-02T07:46:52+00:00	route=home	elapsed=37.8ms
2026-03-02T07:47:03+00:00	route=home	elapsed=32.32ms
2026-03-02T07:47:04+00:00	route=home	elapsed=45.29ms
2026-03-02T07:47:10+00:00	route=home	elapsed=52.18ms
2026-03-02T07:55:19+00:00	route=home	elapsed=247.83ms
2026-03-02T08:03:52+00:00	route=home	elapsed=163.83ms
2026-03-02T08:10:38+00:00	route=home	elapsed=251ms
2026-03-02T08:12:16+00:00	route=home	elapsed=56.32ms
2026-03-02T08:12:21+00:00	route=home	elapsed=85.37ms
2026-03-02T08:12:29+00:00	route=home	elapsed=60.61ms
2026-03-02T08:16:07+00:00	route=home	elapsed=41.36ms
2026-03-02T08:18:07+00:00	route=emissions	elapsed=49.06ms
2026-03-02T08:18:10+00:00	route=historiques	elapsed=78.46ms
2026-03-02T08:18:12+00:00	route=home	elapsed=79.06ms
2026-03-02T08:19:07+00:00	route=home	elapsed=32.63ms
2026-03-02T08:21:31+00:00	route=home	elapsed=54.65ms
2026-03-02T08:23:14+00:00	route=home	elapsed=33.33ms
2026-03-02T08:23:22+00:00	route=auth/profile	elapsed=83.03ms
2026-03-02T08:23:26+00:00	route=home	elapsed=29.39ms
2026-03-03T05:44:01+00:00	route=home	elapsed=218.17ms
2026-03-03T05:44:15+00:00	route=emissions	elapsed=21.69ms
2026-03-03T05:44:16+00:00	route=historiques	elapsed=30.64ms
2026-03-03T05:44:17+00:00	route=playlistes	elapsed=66.56ms
2026-03-03T05:44:18+00:00	route=historiques	elapsed=18.5ms
2026-03-03T05:44:59+00:00	route=home	elapsed=70.82ms
2026-03-03T05:45:02+00:00	route=admin	elapsed=65.44ms
2026-03-03T05:46:48+00:00	route=admin/historiques	elapsed=91.97ms
2026-03-03T05:46:56+00:00	route=home	elapsed=35.08ms
2026-03-03T05:47:08+00:00	route=admin	elapsed=64.64ms
2026-03-03T05:47:11+00:00	route=admin/historiques	elapsed=32.53ms
2026-03-03T05:47:14+00:00	route=home	elapsed=29.73ms
2026-03-03T05:47:29+00:00	route=admin	elapsed=46.69ms
2026-03-03T05:47:35+00:00	route=home	elapsed=32.8ms
2026-03-03T05:47:56+00:00	route=home	elapsed=49.61ms
2026-03-03T05:48:05+00:00	route=admin	elapsed=24.12ms
2026-03-03T05:54:49+00:00	route=home	elapsed=44.63ms
2026-03-03T05:54:51+00:00	route=playlistes	elapsed=73.39ms
2026-03-03T05:54:53+00:00	route=historiques	elapsed=27.59ms
2026-03-03T05:54:54+00:00	route=emissions	elapsed=22.85ms
2026-03-03T05:54:56+00:00	route=home	elapsed=30.05ms
2026-03-03T05:57:23+00:00	route=admin	elapsed=35.24ms
2026-03-03T05:57:28+00:00	route=admin/playlists	elapsed=35.69ms
2026-03-03T05:57:39+00:00	route=admin/emissions	elapsed=27.45ms
2026-03-03T05:57:42+00:00	route=admin	elapsed=36.56ms
2026-03-03T05:58:22+00:00	route=home	elapsed=25.47ms
2026-03-03T05:59:19+00:00	route=auth/profile	elapsed=34.65ms
2026-03-03T05:59:27+00:00	route=home	elapsed=22.87ms
2026-03-03T05:59:47+00:00	route=historiques	elapsed=28.44ms
2026-03-03T06:00:28+00:00	route=home	elapsed=39.01ms
2026-03-03T06:02:43+00:00	route=admin	elapsed=50.54ms
2026-03-03T06:02:45+00:00	route=admin/historiques	elapsed=43.03ms
2026-03-03T06:02:59+00:00	route=home	elapsed=30.26ms
2026-03-03T06:07:58+00:00	route=historiques	elapsed=70.12ms
2026-03-03T06:08:00+00:00	route=historiques	elapsed=64.96ms
2026-03-03T06:09:43+00:00	route=historiques	elapsed=277.6ms
2026-03-03T06:15:12+00:00	route=historiques	elapsed=52ms
2026-03-03T06:15:22+00:00	route=home	elapsed=31.05ms
2026-03-03T06:15:28+00:00	route=historiques	elapsed=29.18ms
2026-03-03T06:19:31+00:00	route=historiques	elapsed=50.8ms
2026-03-03T06:28:48+00:00	route=home	elapsed=466.71ms
2026-03-03T06:28:52+00:00	route=playlistes	elapsed=61.41ms
2026-03-03T06:28:54+00:00	route=historiques	elapsed=37.6ms
2026-03-03T06:33:42+00:00	route=home	elapsed=104.15ms
2026-03-03T06:34:25+00:00	route=home	elapsed=43.1ms
2026-03-03T06:34:27+00:00	route=historiques	elapsed=61.8ms
2026-03-03T06:41:22+00:00	route=historiques	elapsed=85.46ms
2026-03-03T06:41:37+00:00	route=home	elapsed=38.32ms
2026-03-03T06:41:42+00:00	route=historiques	elapsed=62.19ms
2026-03-03T06:42:00+00:00	route=home	elapsed=35.44ms
2026-03-03T06:42:13+00:00	route=historiques	elapsed=33.62ms
2026-03-03T06:43:05+00:00	route=historiques	elapsed=50.41ms
2026-03-03T06:43:20+00:00	route=home	elapsed=35.41ms
2026-03-03T06:43:27+00:00	route=historiques	elapsed=36.69ms
2026-03-03T06:46:22+00:00	route=historiques	elapsed=161.27ms
2026-03-03T06:50:29+00:00	route=historiques	elapsed=133.19ms
2026-03-03T06:50:40+00:00	route=home	elapsed=36.98ms
2026-03-03T06:50:42+00:00	route=historiques	elapsed=90.02ms
2026-03-03T06:50:59+00:00	route=home	elapsed=31.82ms
2026-03-03T06:51:00+00:00	route=historiques	elapsed=51.17ms
2026-03-03T06:52:20+00:00	route=emissions	elapsed=46.72ms
2026-03-03T06:52:24+00:00	route=playlistes	elapsed=92.36ms
2026-03-03T07:06:17+00:00	route=historiques	elapsed=693.4ms
2026-03-03T07:06:22+00:00	route=home	elapsed=57.34ms
2026-03-03T07:06:25+00:00	route=playlistes	elapsed=80.94ms
2026-03-03T07:06:26+00:00	route=historiques	elapsed=35.16ms
2026-03-03T07:14:49+00:00	route=historiques	elapsed=904.79ms
2026-03-03T07:15:00+00:00	route=auth/profile	elapsed=51.36ms
2026-03-03T07:15:22+00:00	route=home	elapsed=36ms
2026-03-03T07:15:31+00:00	route=admin	elapsed=42.93ms
2026-03-03T07:15:41+00:00	route=auth/profile	elapsed=87.55ms
2026-03-03T07:15:56+00:00	route=admin	elapsed=30.32ms
2026-03-03T07:17:51+00:00	route=admin/historiques	elapsed=60.16ms
2026-03-03T07:19:59+00:00	route=admin	elapsed=230.91ms
2026-03-03T07:20:02+00:00	route=admin	elapsed=54.91ms
2026-03-03T07:20:10+00:00	route=auth/profile	elapsed=81.38ms
2026-03-03T07:20:17+00:00	route=home	elapsed=30.07ms
2026-03-03T07:20:26+00:00	route=auth/profile	elapsed=47.89ms
2026-03-03T07:20:38+00:00	route=home	elapsed=28.42ms
2026-03-03T07:20:47+00:00	route=admin	elapsed=29.06ms
2026-03-03T07:20:57+00:00	route=auth/profile	elapsed=83.14ms
2026-03-03T07:21:55+00:00	route=home	elapsed=212.71ms
2026-03-03T07:21:59+00:00	route=admin	elapsed=82.76ms
2026-03-03T07:22:13+00:00	route=home	elapsed=36.8ms
2026-03-03T07:24:50+00:00	route=admin	elapsed=64.63ms
2026-03-03T07:24:58+00:00	route=auth/profile	elapsed=73.27ms
2026-03-03T07:26:13+00:00	route=auth/profile	elapsed=84.48ms
2026-03-03T07:26:23+00:00	route=admin/messages	elapsed=35.94ms
2026-03-03T07:26:28+00:00	route=admin/messages	elapsed=31.4ms
2026-03-03T07:26:36+00:00	route=admin/messages	elapsed=30.9ms
2026-03-03T07:26:40+00:00	route=admin	elapsed=40.31ms
2026-03-03T07:27:43+00:00	route=admin	elapsed=178.24ms
2026-03-03T07:27:47+00:00	route=home	elapsed=41.68ms
2026-03-03T07:27:49+00:00	route=admin/messages	elapsed=93.16ms
2026-03-03T07:30:29+00:00	route=admin/messages	elapsed=149.71ms
2026-03-03T07:32:00+00:00	route=admin/messages	elapsed=108.62ms
2026-03-03T07:34:37+00:00	route=admin/messages	elapsed=754.85ms
2026-03-03T07:41:22+00:00	route=admin/messages	elapsed=94.34ms
2026-03-03T07:41:47+00:00	route=home	elapsed=51.59ms
2026-03-03T07:41:53+00:00	route=admin	elapsed=53.02ms
2026-03-03T07:45:01+00:00	route=home	elapsed=302.71ms
2026-03-03T07:45:06+00:00	route=playlistes	elapsed=83.09ms
2026-03-03T07:45:10+00:00	route=home	elapsed=40.93ms
2026-03-03T07:45:35+00:00	route=home	elapsed=49.87ms
2026-03-03T07:45:44+00:00	route=admin	elapsed=55.19ms
2026-03-03T07:45:47+00:00	route=home	elapsed=34.7ms
2026-03-03T07:45:48+00:00	route=playlistes	elapsed=41.11ms
2026-03-03T07:45:49+00:00	route=historiques	elapsed=38.06ms
2026-03-03T07:45:50+00:00	route=emissions	elapsed=29.99ms
2026-03-03T07:45:51+00:00	route=historiques	elapsed=49.67ms
2026-03-03T07:45:54+00:00	route=home	elapsed=34.11ms
2026-03-03T07:47:45+00:00	route=home	elapsed=262.89ms
2026-03-03T07:47:49+00:00	route=playlistes	elapsed=48.67ms
2026-03-03T07:48:06+00:00	route=historiques	elapsed=65.71ms
2026-03-03T07:48:10+00:00	route=emissions	elapsed=36.23ms
2026-03-03T07:48:27+00:00	route=auth/profile	elapsed=58.27ms
2026-03-03T07:48:42+00:00	route=home	elapsed=54.94ms
2026-03-03T07:48:50+00:00	route=admin	elapsed=50.19ms
2026-03-03T07:48:57+00:00	route=home	elapsed=47.31ms
2026-03-03T07:48:59+00:00	route=admin/messages	elapsed=33.93ms
2026-03-03T07:51:35+00:00	route=admin/messages	elapsed=712.52ms
2026-03-03T07:51:40+00:00	route=home	elapsed=38.12ms
2026-03-03T07:56:01+00:00	route=admin/messages	elapsed=71.72ms
2026-03-03T07:56:03+00:00	route=admin/messages	elapsed=72.66ms
2026-03-03T07:56:03+00:00	route=admin/messages	elapsed=31.03ms
2026-03-03T07:56:03+00:00	route=admin/messages	elapsed=42.02ms
2026-03-03T07:56:05+00:00	route=admin	elapsed=56.19ms
2026-03-03T07:57:14+00:00	route=home	elapsed=258.25ms
2026-03-03T07:57:19+00:00	route=home	elapsed=34.92ms
2026-03-03T07:57:20+00:00	route=playlistes	elapsed=47.61ms
2026-03-03T07:57:24+00:00	route=historiques	elapsed=45.56ms
2026-03-03T07:57:26+00:00	route=emissions	elapsed=29.41ms
2026-03-03T07:57:27+00:00	route=admin/messages	elapsed=37.37ms
2026-03-03T07:57:30+00:00	route=admin	elapsed=63.89ms
2026-03-03T07:57:33+00:00	route=home	elapsed=26.92ms
2026-03-03T07:57:39+00:00	route=home	elapsed=28.99ms
2026-03-03T07:59:55+00:00	route=admin	elapsed=73.72ms
2026-03-03T08:03:21+00:00	route=admin	elapsed=912.14ms
2026-03-03T08:05:34+00:00	route=admin	elapsed=94.9ms
2026-03-03T08:05:51+00:00	route=home	elapsed=67.17ms
2026-03-04T05:58:28+00:00	route=home	elapsed=325.11ms
2026-03-04T06:01:23+00:00	route=admin	elapsed=37.66ms
2026-03-04T06:01:45+00:00	route=admin/emissions	elapsed=35.74ms
2026-03-04T06:01:59+00:00	route=admin/playlists	elapsed=45.54ms
2026-03-04T06:02:22+00:00	route=admin/historiques	elapsed=34.06ms
2026-03-04T06:02:25+00:00	route=home	elapsed=30.8ms
2026-03-04T06:03:17+00:00	route=historiques	elapsed=36.09ms
2026-03-04T06:03:38+00:00	route=admin	elapsed=31.85ms
2026-03-04T06:03:51+00:00	route=home	elapsed=27.04ms
2026-03-04T06:03:53+00:00	route=admin/messages	elapsed=37.93ms
2026-03-04T06:18:27+00:00	route=admin	elapsed=61.99ms
2026-03-04T06:18:32+00:00	route=home	elapsed=32.82ms
2026-03-04T06:18:35+00:00	route=admin/messages	elapsed=37.83ms
2026-03-04T06:18:36+00:00	route=admin	elapsed=43.2ms
2026-03-04T06:18:49+00:00	route=home	elapsed=42.47ms
2026-03-04T06:18:51+00:00	route=admin/messages	elapsed=29.87ms
2026-03-04T06:20:39+00:00	route=admin	elapsed=51.66ms
2026-03-04T06:20:41+00:00	route=home	elapsed=28.64ms
2026-03-04T06:20:50+00:00	route=home	elapsed=23.81ms
2026-03-04T06:21:01+00:00	route=auth/profile	elapsed=39.09ms
2026-03-04T06:21:15+00:00	route=home	elapsed=36.91ms
2026-03-04T06:21:26+00:00	route=admin	elapsed=43.24ms
2026-03-04T06:21:32+00:00	route=home	elapsed=27.5ms
2026-03-04T06:21:34+00:00	route=admin/messages	elapsed=30.27ms
2026-03-04T06:22:13+00:00	route=admin/messages	elapsed=37.27ms
2026-03-04T07:50:08+00:00	route=home	elapsed=841.46ms
2026-03-04T07:50:18+00:00	route=home	elapsed=18.58ms
2026-03-04T07:50:19+00:00	route=home	elapsed=6.9ms
2026-03-04T07:51:00+00:00	route=admin/messages	elapsed=12.7ms
2026-03-04T07:51:11+00:00	route=admin/messages	elapsed=11.23ms
2026-03-04T07:51:14+00:00	route=admin	elapsed=464.87ms
2026-03-04T07:51:17+00:00	route=home	elapsed=8.94ms
2026-03-04T07:51:21+00:00	route=home	elapsed=9.72ms
2026-03-04T07:52:36+00:00	route=home	elapsed=9.78ms
2026-03-04T07:52:49+00:00	route=home	elapsed=13.72ms
2026-03-04T07:52:52+00:00	route=home	elapsed=7.68ms
2026-03-04T07:54:22+00:00	route=playlistes	elapsed=10.09ms
2026-03-04T07:54:26+00:00	route=emissions	elapsed=8.72ms
2026-03-04T07:54:36+00:00	route=auth/profile	elapsed=27.63ms
2026-03-04T07:54:47+00:00	route=home	elapsed=22.69ms
2026-03-04T07:54:55+00:00	route=admin	elapsed=8.02ms
2026-03-04T07:54:59+00:00	route=home	elapsed=8.42ms
2026-03-04T07:55:02+00:00	route=admin/messages	elapsed=9.51ms
2026-03-04T07:59:45+00:00	route=admin	elapsed=10.15ms
2026-03-05T05:52:38+00:00	route=home	elapsed=253.85ms
2026-03-05T05:52:43+00:00	route=historiques	elapsed=20.12ms
2026-03-05T05:52:45+00:00	route=emissions	elapsed=11.25ms
2026-03-05T05:53:05+00:00	route=admin	elapsed=13.61ms
2026-03-05T05:53:08+00:00	route=home	elapsed=7.2ms
2026-03-05T05:53:11+00:00	route=admin/messages	elapsed=12.29ms
2026-03-05T05:53:17+00:00	route=admin	elapsed=10.85ms
2026-03-05T05:53:22+00:00	route=home	elapsed=9.48ms
2026-03-05T05:58:48+00:00	route=home	elapsed=30.12ms
2026-03-05T05:58:50+00:00	route=historiques	elapsed=16.22ms
2026-03-05T06:02:55+00:00	route=historiques	elapsed=19.86ms
2026-03-05T06:12:31+00:00	route=historiques	elapsed=22.94ms
2026-03-05T06:15:18+00:00	route=home	elapsed=12.17ms
2026-03-05T06:18:28+00:00	route=auth/profile	elapsed=13.1ms
2026-03-05T06:18:42+00:00	route=home	elapsed=9.68ms
2026-03-05T06:18:51+00:00	route=admin	elapsed=10.74ms
2026-03-05T06:18:56+00:00	route=auth/profile	elapsed=13.7ms
2026-03-05T06:19:01+00:00	route=admin/messages	elapsed=11.72ms
2026-03-05T06:19:45+00:00	route=admin	elapsed=11.33ms
2026-03-05T06:19:47+00:00	route=home	elapsed=11.18ms
2026-03-05T06:21:45+00:00	route=auth/profile	elapsed=9.73ms
2026-03-05T06:22:11+00:00	route=home	elapsed=7.55ms
2026-03-05T06:22:20+00:00	route=admin	elapsed=7.04ms
2026-03-05T06:22:23+00:00	route=home	elapsed=9.8ms
2026-03-05T06:22:27+00:00	route=admin/messages	elapsed=9.83ms
2026-03-05T06:26:18+00:00	route=admin/messages	elapsed=21.32ms
2026-03-05T06:26:19+00:00	route=admin/messages	elapsed=14.84ms
2026-03-05T06:26:19+00:00	route=admin/messages	elapsed=10.33ms
2026-03-05T06:26:19+00:00	route=admin/messages	elapsed=12.54ms
2026-03-05T06:26:19+00:00	route=admin/messages	elapsed=13.47ms
2026-03-05T06:26:20+00:00	route=admin/messages	elapsed=14.06ms
2026-03-05T06:26:22+00:00	route=admin	elapsed=10.42ms
2026-03-05T06:26:24+00:00	route=home	elapsed=11.34ms
2026-03-05T06:26:32+00:00	route=auth/profile	elapsed=11.36ms
2026-03-05T06:29:26+00:00	route=home	elapsed=10.95ms
2026-03-05T06:29:35+00:00	route=admin	elapsed=7.56ms
2026-03-05T06:29:38+00:00	route=home	elapsed=16.1ms
2026-03-05T06:29:40+00:00	route=admin/messages	elapsed=10.51ms
2026-03-05T06:29:42+00:00	route=admin/messages	elapsed=13.42ms
2026-03-05T06:29:42+00:00	route=admin/messages	elapsed=14.83ms
2026-03-05T06:29:42+00:00	route=admin/messages	elapsed=9.7ms
2026-03-05T06:31:59+00:00	route=home	elapsed=11.72ms
2026-03-05T06:32:02+00:00	route=admin/messages	elapsed=13.75ms
2026-03-05T06:32:13+00:00	route=admin/messages	elapsed=15.64ms
2026-03-05T06:32:39+00:00	route=admin/messages	elapsed=23.38ms
2026-03-05T06:38:41+00:00	route=admin	elapsed=14.06ms
2026-03-05T06:38:43+00:00	route=home	elapsed=9.66ms
2026-03-05T06:40:00+00:00	route=auth/profile	elapsed=14.87ms
2026-03-05T06:40:23+00:00	route=home	elapsed=7.91ms
2026-03-05T06:40:32+00:00	route=admin	elapsed=8.23ms
2026-03-05T06:40:41+00:00	route=home	elapsed=12.18ms
2026-03-05T06:40:44+00:00	route=admin/messages	elapsed=14.68ms
2026-03-05T06:40:46+00:00	route=admin/messages	elapsed=19.46ms
2026-03-05T06:40:48+00:00	route=admin	elapsed=13.35ms
2026-03-05T06:42:19+00:00	route=home	elapsed=8.66ms
2026-03-05T06:42:30+00:00	route=auth/profile	elapsed=12.96ms
2026-03-05T06:42:32+00:00	route=auth/profile	elapsed=20.18ms
2026-03-05T06:42:34+00:00	route=auth/profile	elapsed=18.17ms
2026-03-05T06:42:37+00:00	route=auth/profile	elapsed=16.04ms
2026-03-05T06:44:00+00:00	route=auth/profile	elapsed=33.19ms
2026-03-05T06:45:02+00:00	route=auth/profile	elapsed=24.68ms
2026-03-05T06:47:28+00:00	route=auth/profile	elapsed=21.2ms
2026-03-05T06:47:29+00:00	route=emissions	elapsed=10.1ms
2026-03-05T06:47:30+00:00	route=home	elapsed=15.39ms
2026-03-05T06:47:35+00:00	route=auth/profile	elapsed=23.18ms
2026-03-05T06:47:45+00:00	route=home	elapsed=11.39ms
2026-03-05T06:47:54+00:00	route=admin	elapsed=7.34ms
2026-03-05T06:47:56+00:00	route=home	elapsed=10.22ms
2026-03-05T06:47:58+00:00	route=admin/messages	elapsed=16.7ms
2026-03-05T06:48:00+00:00	route=admin/messages	elapsed=15.8ms
2026-03-05T06:48:01+00:00	route=admin/messages	elapsed=15.27ms
2026-03-05T06:48:01+00:00	route=admin/messages	elapsed=16.16ms
2026-03-05T06:48:03+00:00	route=admin	elapsed=11.99ms
2026-03-05T06:48:08+00:00	route=admin/emissions	elapsed=17.27ms
2026-03-05T06:48:25+00:00	route=admin	elapsed=11.73ms
2026-03-05T06:48:27+00:00	route=home	elapsed=11.15ms
2026-03-05T06:48:46+00:00	route=auth/profile	elapsed=15.38ms
2026-03-05T06:48:50+00:00	route=auth/profile	elapsed=21.03ms
2026-03-05T06:48:55+00:00	route=auth/profile	elapsed=25.67ms
2026-03-05T06:48:55+00:00	route=auth/profile	elapsed=34.32ms
2026-03-05T06:50:19+00:00	route=home	elapsed=16.28ms
2026-03-05T07:15:54+00:00	route=home	elapsed=62.87ms
2026-03-05T07:16:31+00:00	route=auth/profile	elapsed=34.56ms
2026-03-05T07:18:48+00:00	route=auth/profile	elapsed=32.5ms
2026-03-05T07:20:11+00:00	route=home	elapsed=11.89ms
2026-03-05T07:21:36+00:00	route=auth/profile	elapsed=29.59ms
2026-03-05T07:21:37+00:00	route=auth/profile	elapsed=21.56ms
2026-03-05T07:22:15+00:00	route=home	elapsed=14.09ms
2026-03-05T07:22:38+00:00	route=admin	elapsed=12.23ms
2026-03-05T07:22:40+00:00	route=home	elapsed=10.44ms
2026-03-05T07:22:44+00:00	route=admin/messages	elapsed=13.95ms
2026-03-05T07:26:08+00:00	route=admin	elapsed=18.61ms
2026-03-05T07:26:10+00:00	route=home	elapsed=14.91ms
2026-03-05T07:26:14+00:00	route=auth/profile	elapsed=43.55ms
2026-03-05T07:28:26+00:00	route=auth/profile	elapsed=32.66ms
2026-03-05T07:28:49+00:00	route=home	elapsed=12.31ms
2026-03-05T07:28:59+00:00	route=admin	elapsed=9.29ms
2026-03-05T07:29:03+00:00	route=auth/profile	elapsed=25.02ms
2026-03-05T07:31:00+00:00	route=auth/profile	elapsed=34.29ms
2026-03-05T07:32:44+00:00	route=auth/profile	elapsed=30.43ms
2026-03-05T07:37:03+00:00	route=auth/profile	elapsed=32.77ms
2026-03-05T07:38:28+00:00	route=auth/profile	elapsed=31.68ms
2026-03-05T07:38:30+00:00	route=admin/messages	elapsed=17.36ms
2026-03-05T07:38:36+00:00	route=admin	elapsed=14.03ms
2026-03-05T07:43:35+00:00	route=admin	elapsed=21.1ms
2026-03-05T07:43:41+00:00	route=home	elapsed=14.65ms
2026-03-05T07:43:49+00:00	route=emissions	elapsed=16.43ms
2026-03-05T07:47:59+00:00	route=emissions	elapsed=32.56ms
2026-03-05T07:48:03+00:00	route=playlistes	elapsed=73.61ms
2026-03-05T07:48:03+00:00	route=home	elapsed=16.74ms
2026-03-05T07:48:03+00:00	route=home	elapsed=16.37ms
2026-03-05T07:48:03+00:00	route=home	elapsed=48.61ms
2026-03-05T07:48:04+00:00	route=home	elapsed=22.35ms
2026-03-05T07:48:04+00:00	route=home	elapsed=50.62ms
2026-03-05T07:48:04+00:00	route=home	elapsed=17.21ms
2026-03-05T07:48:04+00:00	route=home	elapsed=18.6ms
2026-03-05T07:48:04+00:00	route=home	elapsed=15.74ms
2026-03-05T07:48:04+00:00	route=home	elapsed=30.76ms
2026-03-05T07:48:04+00:00	route=home	elapsed=20.56ms
2026-03-05T07:48:04+00:00	route=home	elapsed=17ms
2026-03-05T07:48:04+00:00	route=home	elapsed=16.2ms
2026-03-05T07:48:04+00:00	route=home	elapsed=15.62ms
2026-03-05T07:48:04+00:00	route=home	elapsed=16.84ms
2026-03-05T07:48:04+00:00	route=home	elapsed=15.5ms
2026-03-05T07:48:08+00:00	route=emissions	elapsed=13.35ms
2026-03-05T07:48:48+00:00	route=emissions	elapsed=25.94ms
2026-03-05T07:51:15+00:00	route=emissions	elapsed=25.09ms
2026-03-05T07:51:20+00:00	route=home	elapsed=17.07ms
2026-03-05T07:51:23+00:00	route=home	elapsed=17.99ms
2026-03-05T07:56:32+00:00	route=home	elapsed=27.21ms
2026-03-05T07:56:37+00:00	route=playlistes	elapsed=15.7ms
2026-03-05T07:56:38+00:00	route=home	elapsed=16.82ms
2026-03-05T07:56:38+00:00	route=home	elapsed=14.42ms
2026-03-05T07:56:38+00:00	route=home	elapsed=28.57ms
2026-03-05T07:56:38+00:00	route=home	elapsed=22.88ms
2026-03-05T07:56:38+00:00	route=home	elapsed=14.61ms
2026-03-05T07:56:38+00:00	route=home	elapsed=17.33ms
2026-03-05T07:56:38+00:00	route=home	elapsed=19.08ms
2026-03-05T07:56:38+00:00	route=home	elapsed=20.47ms
2026-03-05T07:56:38+00:00	route=home	elapsed=15.11ms
2026-03-05T07:56:38+00:00	route=home	elapsed=15.48ms
2026-03-05T07:56:38+00:00	route=home	elapsed=16.32ms
2026-03-05T07:56:38+00:00	route=home	elapsed=16.42ms
2026-03-05T07:56:38+00:00	route=home	elapsed=52.42ms
2026-03-05T07:56:38+00:00	route=home	elapsed=54.49ms
2026-03-05T07:56:38+00:00	route=home	elapsed=15.01ms
2026-03-05T07:56:41+00:00	route=historiques	elapsed=19.12ms
2026-03-05T07:56:52+00:00	route=emissions	elapsed=14.05ms
2026-03-05T08:00:50+00:00	route=emissions	elapsed=24.58ms
2026-03-05T08:04:03+00:00	route=emissions	elapsed=26.65ms
2026-03-05T08:04:12+00:00	route=historiques	elapsed=16.47ms
2026-03-05T08:04:18+00:00	route=playlistes	elapsed=14.18ms
2026-03-05T08:04:19+00:00	route=home	elapsed=12.57ms
2026-03-05T08:04:19+00:00	route=home	elapsed=17.13ms
2026-03-05T08:04:19+00:00	route=home	elapsed=31.11ms
2026-03-05T08:04:19+00:00	route=home	elapsed=17.07ms
2026-03-05T08:04:19+00:00	route=home	elapsed=17.15ms
2026-03-05T08:04:19+00:00	route=home	elapsed=19.12ms
2026-03-05T08:04:19+00:00	route=home	elapsed=18.51ms
2026-03-05T08:04:19+00:00	route=home	elapsed=16.79ms
2026-03-05T08:04:19+00:00	route=home	elapsed=28.98ms
2026-03-05T08:04:19+00:00	route=home	elapsed=28.53ms
2026-03-05T08:04:19+00:00	route=home	elapsed=15.57ms
2026-03-05T08:04:19+00:00	route=home	elapsed=20.43ms
2026-03-05T08:04:19+00:00	route=home	elapsed=18.17ms
2026-03-05T08:04:19+00:00	route=home	elapsed=17.91ms
2026-03-05T08:04:19+00:00	route=home	elapsed=26.21ms
2026-03-05T08:04:23+00:00	route=home	elapsed=13.4ms
2026-03-06T05:41:53+00:00	route=home	elapsed=768.46ms
2026-03-06T05:41:56+00:00	route=home	elapsed=12.19ms
2026-03-06T05:42:01+00:00	route=playlistes	elapsed=154.02ms
2026-03-06T05:42:06+00:00	route=historiques	elapsed=203.75ms
2026-03-06T05:42:08+00:00	route=emissions	elapsed=81.35ms
2026-03-06T05:46:05+00:00	route=auth/profile	elapsed=246.01ms
2026-03-06T05:47:06+00:00	route=home	elapsed=17.23ms
2026-03-06T05:47:17+00:00	route=admin	elapsed=525.02ms
2026-03-06T05:47:25+00:00	route=home	elapsed=12.75ms
2026-03-06T05:47:28+00:00	route=admin/messages	elapsed=230.38ms
2026-03-06T05:47:45+00:00	route=admin	elapsed=12.68ms
2026-03-06T05:47:47+00:00	route=home	elapsed=10.46ms
2026-03-06T05:47:50+00:00	route=auth/profile	elapsed=35.09ms
2026-03-06T05:50:07+00:00	route=auth/profile	elapsed=94.82ms
2026-03-06T05:54:29+00:00	route=auth/profile	elapsed=35.54ms
2026-03-06T05:56:48+00:00	route=auth/profile	elapsed=34.53ms
2026-03-06T05:56:56+00:00	route=auth/profile	elapsed=36.95ms
2026-03-06T05:58:23+00:00	route=auth/profile	elapsed=31.28ms
2026-03-06T05:59:41+00:00	route=auth/profile	elapsed=53.82ms
2026-03-06T06:06:29+00:00	route=auth/profile	elapsed=29.46ms
2026-03-06T06:07:57+00:00	route=auth/profile	elapsed=44.55ms
2026-03-06T06:08:03+00:00	route=auth/profile	elapsed=40.99ms
2026-03-06T06:12:55+00:00	route=auth/profile	elapsed=97.17ms
2026-03-06T06:14:47+00:00	route=auth/profile	elapsed=34.24ms
2026-03-06T06:20:49+00:00	route=auth/profile	elapsed=30.22ms
2026-03-06T06:24:00+00:00	route=auth/profile	elapsed=40.76ms
2026-03-06T06:25:22+00:00	route=auth/profile	elapsed=41.5ms
2026-03-06T06:26:16+00:00	route=auth/profile	elapsed=66.9ms
2026-03-06T06:31:06+00:00	route=home	elapsed=828.11ms
2026-03-06T06:31:12+00:00	route=auth/profile	elapsed=40.36ms
2026-03-06T06:31:20+00:00	route=home	elapsed=620.77ms
2026-03-06T06:32:16+00:00	route=auth/profile	elapsed=285ms
2026-03-06T06:39:03+00:00	route=auth/profile	elapsed=31.59ms
2026-03-06T06:39:13+00:00	route=auth/profile	elapsed=33.67ms
2026-03-06T06:39:24+00:00	route=auth/profile	elapsed=35.09ms
2026-03-06T06:39:35+00:00	route=auth/profile	elapsed=34.96ms
2026-03-06T06:42:32+00:00	route=auth/profile	elapsed=64.82ms
2026-03-06T06:42:43+00:00	route=auth/profile	elapsed=34.21ms
2026-03-06T06:44:55+00:00	route=auth/profile	elapsed=41.96ms
2026-03-06T06:46:11+00:00	route=auth/profile	elapsed=34.67ms
2026-03-06T06:47:13+00:00	route=auth/profile	elapsed=32.52ms
2026-03-06T06:47:44+00:00	route=home	elapsed=12.76ms
2026-03-06T06:47:49+00:00	route=auth/profile	elapsed=106.11ms
2026-03-06T06:50:05+00:00	route=auth/profile	elapsed=37.68ms
2026-03-06T06:55:53+00:00	route=auth/profile	elapsed=57.72ms
2026-03-06T07:01:05+00:00	route=historiques	elapsed=26.02ms
2026-03-06T07:01:17+00:00	route=emissions	elapsed=14.45ms
2026-03-06T07:02:10+00:00	route=home	elapsed=13.54ms
2026-03-06T07:02:45+00:00	route=admin	elapsed=27.82ms
2026-03-06T07:02:54+00:00	route=home	elapsed=13.38ms
2026-03-06T07:02:58+00:00	route=auth/profile	elapsed=48ms
2026-03-06T07:05:17+00:00	route=auth/profile	elapsed=53.32ms
2026-03-06T07:10:24+00:00	route=auth/profile	elapsed=50.61ms
2026-03-06T07:12:27+00:00	route=home	elapsed=11.94ms
2026-03-06T07:12:38+00:00	route=admin	elapsed=9.96ms
2026-03-06T07:23:50+00:00	route=admin	elapsed=621.32ms
2026-03-06T07:24:23+00:00	route=home	elapsed=630.29ms
2026-03-06T07:24:27+00:00	route=admin/messages	elapsed=215.39ms
2026-03-06T07:28:00+00:00	route=admin/messages	elapsed=19.47ms
2026-03-06T07:29:38+00:00	route=admin/messages	elapsed=18.69ms
2026-03-06T07:33:19+00:00	route=admin/messages	elapsed=20.5ms
2026-03-06T07:33:19+00:00	route=admin/messages	elapsed=15.27ms
2026-03-06T07:33:20+00:00	route=admin/messages	elapsed=35.96ms
2026-03-06T07:33:26+00:00	route=admin	elapsed=12.03ms
2026-03-06T07:33:32+00:00	route=home	elapsed=13.06ms
2026-03-06T07:33:35+00:00	route=admin/messages	elapsed=15.54ms
2026-03-06T07:44:05+00:00	route=admin/messages	elapsed=18.97ms
2026-03-06T07:44:06+00:00	route=admin/messages	elapsed=17.49ms
2026-03-06T07:44:06+00:00	route=admin/messages	elapsed=21.55ms
2026-03-06T07:44:09+00:00	route=admin	elapsed=11.84ms
2026-03-06T07:44:16+00:00	route=home	elapsed=11.99ms
2026-03-06T07:44:20+00:00	route=auth/profile	elapsed=27ms
2026-03-06T07:44:34+00:00	route=home	elapsed=9.6ms
2026-03-06T07:44:47+00:00	route=admin	elapsed=7.2ms
2026-03-06T07:44:50+00:00	route=home	elapsed=13.73ms
2026-03-06T07:44:52+00:00	route=admin/messages	elapsed=14.61ms
2026-03-06T07:49:01+00:00	route=admin/messages	elapsed=20.48ms
2026-03-06T07:49:02+00:00	route=admin/messages	elapsed=17.66ms
2026-03-06T07:49:02+00:00	route=admin/messages	elapsed=13.73ms
2026-03-06T07:49:03+00:00	route=admin/messages	elapsed=15.17ms
2026-03-06T07:50:16+00:00	route=admin/messages	elapsed=17.78ms
2026-03-09T05:46:51+00:00	route=home	elapsed=60.53ms
2026-03-09T05:47:11+00:00	route=admin	elapsed=28.06ms
2026-03-09T05:47:13+00:00	route=home	elapsed=14.4ms
2026-03-09T05:47:16+00:00	route=admin/messages	elapsed=47.34ms
2026-03-09T05:47:47+00:00	route=admin	elapsed=19.13ms
2026-03-09T05:47:48+00:00	route=home	elapsed=14.06ms
2026-03-09T05:47:52+00:00	route=auth/profile	elapsed=61.25ms
2026-03-09T06:11:59+00:00	route=auth/profile	elapsed=45.64ms
2026-03-09T06:14:59+00:00	route=auth/profile	elapsed=74.47ms
2026-03-09T06:15:07+00:00	route=auth/profile	elapsed=53.08ms
2026-03-09T06:23:08+00:00	route=auth/profile	elapsed=43.72ms
2026-03-09T06:23:18+00:00	route=auth/profile	elapsed=46.43ms
2026-03-09T07:06:08+00:00	route=auth/profile	elapsed=38.68ms
2026-03-09T07:06:22+00:00	route=auth/profile	elapsed=47.94ms
2026-03-09T07:06:42+00:00	route=home	elapsed=10.62ms
2026-03-09T07:10:51+00:00	route=home	elapsed=34.39ms
2026-03-09T07:17:44+00:00	route=home	elapsed=17.51ms
2026-03-09T07:19:02+00:00	route=home	elapsed=19.51ms
2026-03-09T07:20:46+00:00	route=home	elapsed=27.13ms
2026-03-09T07:20:50+00:00	route=home	elapsed=13.87ms
2026-03-09T07:20:51+00:00	route=playlistes	elapsed=15.8ms
2026-03-09T07:20:52+00:00	route=historiques	elapsed=201.29ms
2026-03-09T07:20:54+00:00	route=home	elapsed=14.53ms
2026-03-09T07:27:43+00:00	route=home	elapsed=26.55ms
2026-03-09T07:31:13+00:00	route=home	elapsed=694.31ms
2026-03-09T07:31:49+00:00	route=home	elapsed=10.35ms
2026-03-09T07:32:02+00:00	route=admin	elapsed=460.5ms
2026-03-09T07:32:23+00:00	route=admin/historiques	elapsed=254.45ms
2026-03-09T07:32:45+00:00	route=admin	elapsed=15.27ms
2026-03-09T07:32:48+00:00	route=home	elapsed=14.27ms
2026-03-09T07:40:07+00:00	route=home	elapsed=22.6ms
2026-03-09T07:44:19+00:00	route=home	elapsed=20.88ms
2026-03-09T07:45:56+00:00	route=home	elapsed=14.32ms
2026-03-09T07:45:56+00:00	route=playlistes	elapsed=15.16ms
2026-03-09T07:45:57+00:00	route=historiques	elapsed=208.64ms
2026-03-09T07:45:58+00:00	route=emissions	elapsed=94.08ms
2026-03-09T07:46:00+00:00	route=home	elapsed=16.96ms
2026-03-09T07:47:03+00:00	route=home	elapsed=14.73ms
2026-03-09T07:47:34+00:00	route=home	elapsed=13.92ms
2026-03-09T07:47:37+00:00	route=home	elapsed=14.32ms
2026-03-09T07:50:18+00:00	route=home	elapsed=20.52ms
2026-03-09T07:51:36+00:00	route=home	elapsed=15.95ms
2026-03-09T07:51:46+00:00	route=home	elapsed=27.92ms
2026-03-09T07:54:26+00:00	route=home	elapsed=21.16ms
2026-03-10T05:53:04+00:00	route=home	elapsed=78.99ms
2026-03-10T05:53:20+00:00	route=playlistes	elapsed=13.49ms
2026-03-10T05:53:23+00:00	route=historiques	elapsed=14.33ms
2026-03-10T05:53:28+00:00	route=emissions	elapsed=10.23ms
2026-03-10T05:53:49+00:00	route=admin	elapsed=174.39ms
2026-03-10T05:53:51+00:00	route=admin/historiques	elapsed=11.25ms
2026-03-10T06:04:55+00:00	route=admin/historiques	elapsed=26.24ms
2026-03-10T06:05:04+00:00	route=admin	elapsed=12.85ms
2026-03-10T06:18:29+00:00	route=home	elapsed=19.49ms
2026-03-10T06:18:32+00:00	route=admin/messages	elapsed=19.64ms
2026-03-10T06:20:09+00:00	route=admin	elapsed=12.66ms
2026-03-10T06:20:15+00:00	route=home	elapsed=11.84ms
2026-03-10T06:22:40+00:00	route=home	elapsed=15.98ms
2026-03-10T06:22:50+00:00	route=home	elapsed=10.58ms
2026-03-10T06:29:29+00:00	route=home	elapsed=18.99ms
2026-03-10T06:32:21+00:00	route=home	elapsed=18.43ms
2026-03-10T06:33:18+00:00	route=emissions	elapsed=17.33ms
2026-03-10T06:33:23+00:00	route=historiques	elapsed=19.93ms
2026-03-10T06:33:33+00:00	route=playlistes	elapsed=13.65ms
2026-03-10T06:46:41+00:00	route=playlistes	elapsed=19.79ms
2026-03-10T06:46:42+00:00	route=home	elapsed=9.7ms
2026-03-10T06:46:55+00:00	route=home	elapsed=18.69ms
2026-03-10T06:47:11+00:00	route=home	elapsed=9.19ms
2026-03-10T06:48:13+00:00	route=home	elapsed=8.39ms
2026-03-10T06:49:40+00:00	route=playlistes	elapsed=20.64ms
2026-03-10T06:49:42+00:00	route=playlistes	elapsed=16.66ms
2026-03-10T06:49:46+00:00	route=home	elapsed=14.32ms
2026-03-10T06:49:46+00:00	route=home	elapsed=11.12ms
2026-03-10T06:49:46+00:00	route=home	elapsed=11.82ms
2026-03-10T06:49:46+00:00	route=home	elapsed=11.86ms
2026-03-10T06:49:46+00:00	route=home	elapsed=10.91ms
2026-03-10T06:49:46+00:00	route=home	elapsed=11.43ms
2026-03-10T06:49:46+00:00	route=home	elapsed=12.68ms
2026-03-10T06:49:46+00:00	route=home	elapsed=15.86ms
2026-03-10T06:49:46+00:00	route=home	elapsed=7.93ms
2026-03-10T06:49:46+00:00	route=home	elapsed=10.46ms
2026-03-10T06:49:46+00:00	route=home	elapsed=10.17ms
2026-03-10T06:49:46+00:00	route=home	elapsed=12.39ms
2026-03-10T06:49:46+00:00	route=home	elapsed=12.15ms
2026-03-10T06:49:46+00:00	route=home	elapsed=11.68ms
2026-03-10T06:49:46+00:00	route=home	elapsed=11.94ms
2026-03-10T06:50:22+00:00	route=playlistes	elapsed=13.37ms
2026-03-10T06:50:26+00:00	route=home	elapsed=9.44ms
2026-03-10T06:50:27+00:00	route=historiques	elapsed=10.33ms
2026-03-10T06:50:28+00:00	route=emissions	elapsed=19.08ms
2026-03-10T06:50:29+00:00	route=playlistes	elapsed=12.39ms
2026-03-10T06:52:37+00:00	route=emissions	elapsed=19.97ms
2026-03-10T06:55:11+00:00	route=home	elapsed=18.8ms
2026-03-10T06:55:19+00:00	route=home	elapsed=17.78ms
2026-03-10T06:55:22+00:00	route=playlistes	elapsed=13.07ms
2026-03-10T06:55:23+00:00	route=historiques	elapsed=11.73ms
2026-03-10T06:55:25+00:00	route=emissions	elapsed=10.17ms
2026-03-10T06:56:07+00:00	route=emissions	elapsed=10.96ms
2026-03-10T06:56:11+00:00	route=emissions	elapsed=15.86ms
2026-03-10T06:56:15+00:00	route=playlistes	elapsed=14.06ms
2026-03-10T06:56:16+00:00	route=historiques	elapsed=12.92ms
2026-03-10T06:56:18+00:00	route=home	elapsed=11.87ms
2026-03-10T06:56:24+00:00	route=home	elapsed=10.08ms
2026-03-10T06:57:03+00:00	route=home	elapsed=11.69ms
2026-03-10T06:58:41+00:00	route=home	elapsed=18.03ms
2026-03-10T06:58:52+00:00	route=home	elapsed=13.78ms
2026-03-10T06:58:53+00:00	route=home	elapsed=12.76ms
2026-03-10T06:59:45+00:00	route=home	elapsed=14.43ms
2026-03-10T06:59:51+00:00	route=home	elapsed=13.58ms
2026-03-10T07:00:48+00:00	route=home	elapsed=15.74ms
2026-03-10T07:00:51+00:00	route=home	elapsed=12.45ms
2026-03-10T07:01:22+00:00	route=home	elapsed=12.79ms
2026-03-10T07:02:50+00:00	route=home	elapsed=14.63ms
2026-03-10T07:02:52+00:00	route=playlistes	elapsed=13.72ms
2026-03-10T07:02:53+00:00	route=playlistes	elapsed=13.97ms
2026-03-10T07:02:54+00:00	route=playlistes	elapsed=15.46ms
2026-03-10T07:03:34+00:00	route=playlistes	elapsed=10.67ms
2026-03-10T07:04:27+00:00	route=playlistes	elapsed=18.15ms
2026-03-10T07:04:35+00:00	route=playlistes	elapsed=11.85ms
2026-03-10T07:04:36+00:00	route=historiques	elapsed=10.98ms
2026-03-10T07:04:37+00:00	route=home	elapsed=15.08ms
2026-03-10T07:04:38+00:00	route=playlistes	elapsed=11.68ms
2026-03-10T07:04:47+00:00	route=playlistes	elapsed=11.69ms
2026-03-10T07:04:49+00:00	route=home	elapsed=10.74ms
2026-03-10T07:04:52+00:00	route=historiques	elapsed=20.06ms
2026-03-10T07:04:53+00:00	route=emissions	elapsed=16.13ms
2026-03-10T07:05:01+00:00	route=historiques	elapsed=14.84ms
2026-03-10T07:05:02+00:00	route=playlistes	elapsed=16.54ms
2026-03-10T07:05:25+00:00	route=home	elapsed=11.01ms
2026-03-10T07:05:26+00:00	route=home	elapsed=19.02ms
2026-03-10T07:06:24+00:00	route=emissions	elapsed=15.13ms
2026-03-10T07:06:28+00:00	route=emissions	elapsed=11.2ms
2026-03-10T07:06:51+00:00	route=emissions	elapsed=12.69ms
2026-03-10T07:07:31+00:00	route=emissions	elapsed=13.2ms
2026-03-10T07:07:37+00:00	route=historiques	elapsed=14.97ms
2026-03-10T07:07:38+00:00	route=playlistes	elapsed=17.18ms
2026-03-10T07:07:40+00:00	route=home	elapsed=12.17ms
2026-03-10T07:09:35+00:00	route=home	elapsed=18.57ms
2026-03-10T07:10:46+00:00	route=home	elapsed=14.08ms
2026-03-10T07:10:49+00:00	route=home	elapsed=13.27ms
2026-03-10T07:11:47+00:00	route=home	elapsed=15.63ms
2026-03-10T07:13:12+00:00	route=home	elapsed=1047.16ms
2026-03-10T07:14:16+00:00	route=home	elapsed=10.92ms
2026-03-10T07:15:44+00:00	route=home	elapsed=70.89ms
2026-03-10T07:23:19+00:00	route=home	elapsed=39.08ms
2026-03-10T07:23:30+00:00	route=home	elapsed=11.8ms
2026-03-10T07:28:16+00:00	route=playlistes	elapsed=24.88ms
2026-03-10T07:28:18+00:00	route=historiques	elapsed=406.99ms
2026-03-10T07:28:19+00:00	route=emissions	elapsed=131.15ms
2026-03-10T07:28:20+00:00	route=playlistes	elapsed=14.7ms
2026-03-10T07:28:23+00:00	route=home	elapsed=10.37ms
2026-03-10T07:29:03+00:00	route=home	elapsed=20.57ms
2026-03-10T07:32:03+00:00	route=home	elapsed=29.21ms
2026-03-10T07:32:38+00:00	route=home	elapsed=17.52ms
2026-03-10T07:33:51+00:00	route=home	elapsed=9.37ms
2026-03-10T07:35:56+00:00	route=home	elapsed=19.16ms
2026-03-10T07:36:02+00:00	route=home	elapsed=14.68ms
2026-03-10T07:36:02+00:00	route=home	elapsed=15.18ms
2026-03-10T07:36:21+00:00	route=home	elapsed=12.19ms
2026-03-10T07:37:00+00:00	route=home	elapsed=12.21ms
2026-03-10T07:37:03+00:00	route=home	elapsed=11.65ms
2026-03-10T07:37:24+00:00	route=home	elapsed=13.94ms
2026-03-10T07:38:57+00:00	route=home	elapsed=20.97ms
2026-03-10T07:39:29+00:00	route=home	elapsed=9.44ms
2026-03-10T11:13:44+00:00	route=home	elapsed=57.77ms
